e:\computer_graphics\practice\лаба3\shaders\shaders\x64\debug\vc142.pdb
e:\computer_graphics\practice\лаба3\shaders\shaders\x64\debug\qrc_shaderwidget.obj
e:\computer_graphics\practice\лаба3\shaders\shaders\x64\debug\shaderwidget.obj
e:\computer_graphics\practice\лаба3\shaders\shaders\x64\debug\main.obj
e:\computer_graphics\practice\лаба3\shaders\x64\debug\shaders.exe
e:\computer_graphics\practice\лаба3\shaders\x64\debug\shaders.ilk
e:\computer_graphics\practice\лаба3\shaders\x64\debug\shaders.pdb
e:\computer_graphics\practice\лаба3\shaders\shaders\x64\debug\\rcc\qrc_shaderwidget.cpp
e:\computer_graphics\practice\лаба3\shaders\shaders\x64\debug\uic\ui_shaderwidget.h
e:\computer_graphics\practice\лаба3\shaders\shaders\x64\debug\rcc\qrc_shaderwidget.cpp
e:\computer_graphics\practice\лаба3\shaders\shaders\x64\debug\\uic\ui_shaderwidget.h
e:\computer_graphics\practice\лаба3\shaders\shaders\x64\debug\shaders.tlog\cl.command.1.tlog
e:\computer_graphics\practice\лаба3\shaders\shaders\x64\debug\shaders.tlog\cl.read.1.tlog
e:\computer_graphics\practice\лаба3\shaders\shaders\x64\debug\shaders.tlog\cl.write.1.tlog
e:\computer_graphics\practice\лаба3\shaders\shaders\x64\debug\shaders.tlog\link.command.1.tlog
e:\computer_graphics\practice\лаба3\shaders\shaders\x64\debug\shaders.tlog\link.read.1.tlog
e:\computer_graphics\practice\лаба3\shaders\shaders\x64\debug\shaders.tlog\link.write.1.tlog
e:\computer_graphics\practice\лаба3\shaders\shaders\x64\debug\shaders.tlog\rcc.read.1u.tlog
e:\computer_graphics\practice\лаба3\shaders\shaders\x64\debug\shaders.tlog\rcc.write.1u.tlog
e:\computer_graphics\practice\лаба3\shaders\shaders\x64\debug\shaders.tlog\shaders.write.1u.tlog
e:\computer_graphics\practice\лаба3\shaders\shaders\x64\debug\shaders.tlog\uic.read.1u.tlog
e:\computer_graphics\practice\лаба3\shaders\shaders\x64\debug\shaders.tlog\uic.write.1u.tlog
